<?xml version="1.0" encoding="UTF-8"?>
<testng-results ignored="0" total="1" passed="1" failed="0" skipped="0">
  <reporter-output>
  </reporter-output>
  <suite started-at="2026-01-19T09:25:33 IST" name="Surefire suite" finished-at="2026-01-19T09:25:55 IST" duration-ms="22450">
    <groups>
    </groups>
    <test started-at="2026-01-19T09:25:33 IST" name="Surefire test" finished-at="2026-01-19T09:25:55 IST" duration-ms="22450">
      <class name="tests.GoogleTest">
        <test-method signature="openGoogle()[pri:0, instance:tests.GoogleTest@6dbb137d]" started-at="2026-01-19T09:25:33 IST" name="openGoogle" finished-at="2026-01-19T09:25:55 IST" duration-ms="22233" status="PASS">
          <reporter-output>
          </reporter-output>
        </test-method> <!-- openGoogle -->
      </class> <!-- tests.GoogleTest -->
    </test> <!-- Surefire test -->
  </suite> <!-- Surefire suite -->
</testng-results>
